0 info it worked if it ends with ok
1 verbose cli [ '/usr/bin/node', '/usr/bin/npm', 'run-script', 'build' ]
2 info using npm@3.10.10
3 info using node@v6.14.1
4 verbose run-script [ 'prebuild', 'build', 'postbuild' ]
5 info lifecycle serverless_scripts@1.0.0~prebuild: serverless_scripts@1.0.0
6 silly lifecycle serverless_scripts@1.0.0~prebuild: no script for prebuild, continuing
7 info lifecycle serverless_scripts@1.0.0~build: serverless_scripts@1.0.0
8 verbose lifecycle serverless_scripts@1.0.0~build: unsafe-perm in lifecycle true
9 verbose lifecycle serverless_scripts@1.0.0~build: PATH: /usr/lib/node_modules/npm/bin/node-gyp-bin:/home/ubuntu/playin/serverless_scripts/node_modules/.bin:/usr/local/sbin:/usr/local/bin:/usr/sbin:/usr/bin:/sbin:/bin:/usr/games:/usr/local/games:/snap/bin
10 verbose lifecycle serverless_scripts@1.0.0~build: CWD: /home/ubuntu/playin/serverless_scripts
11 silly lifecycle serverless_scripts@1.0.0~build: Args: [ '-c', 'tsc ws_parser --outDir build; date > build/date.txt' ]
12 silly lifecycle serverless_scripts@1.0.0~build: Returned: code: 2  signal: null
13 info lifecycle serverless_scripts@1.0.0~build: Failed to exec build script
14 verbose stack Error: serverless_scripts@1.0.0 build: `tsc ws_parser --outDir build; date > build/date.txt`
14 verbose stack Exit status 2
14 verbose stack     at EventEmitter.<anonymous> (/usr/lib/node_modules/npm/lib/utils/lifecycle.js:255:16)
14 verbose stack     at emitTwo (events.js:106:13)
14 verbose stack     at EventEmitter.emit (events.js:191:7)
14 verbose stack     at ChildProcess.<anonymous> (/usr/lib/node_modules/npm/lib/utils/spawn.js:40:14)
14 verbose stack     at emitTwo (events.js:106:13)
14 verbose stack     at ChildProcess.emit (events.js:191:7)
14 verbose stack     at maybeClose (internal/child_process.js:920:16)
14 verbose stack     at Process.ChildProcess._handle.onexit (internal/child_process.js:230:5)
15 verbose pkgid serverless_scripts@1.0.0
16 verbose cwd /home/ubuntu/playin/serverless_scripts
17 error Linux 4.15.0-29-generic
18 error argv "/usr/bin/node" "/usr/bin/npm" "run-script" "build"
19 error node v6.14.1
20 error npm  v3.10.10
21 error code ELIFECYCLE
22 error serverless_scripts@1.0.0 build: `tsc ws_parser --outDir build; date > build/date.txt`
22 error Exit status 2
23 error Failed at the serverless_scripts@1.0.0 build script 'tsc ws_parser --outDir build; date > build/date.txt'.
23 error Make sure you have the latest version of node.js and npm installed.
23 error If you do, this is most likely a problem with the serverless_scripts package,
23 error not with npm itself.
23 error Tell the author that this fails on your system:
23 error     tsc ws_parser --outDir build; date > build/date.txt
23 error You can get information on how to open an issue for this project with:
23 error     npm bugs serverless_scripts
23 error Or if that isn't available, you can get their info via:
23 error     npm owner ls serverless_scripts
23 error There is likely additional logging output above.
24 verbose exit [ 1, true ]
